Determining if the pthread_create exist failed with the following output:
Change Dir: /home/jovyan/DataStructures/Rope/CMakeFiles/CMakeTmp

Run Build Command:"/opt/conda/bin/make" "cmTC_8480a/fast"
/opt/conda/bin/make -f CMakeFiles/cmTC_8480a.dir/build.make CMakeFiles/cmTC_8480a.dir/build
make[1]: Entering directory '/home/jovyan/DataStructures/Rope/CMakeFiles/CMakeTmp'
Building C object CMakeFiles/cmTC_8480a.dir/CheckSymbolExists.c.o
/usr/bin/cc    -o CMakeFiles/cmTC_8480a.dir/CheckSymbolExists.c.o   -c /home/jovyan/DataStructures/Rope/CMakeFiles/CMakeTmp/CheckSymbolExists.c
Linking C executable cmTC_8480a
/usr/bin/cmake -E cmake_link_script CMakeFiles/cmTC_8480a.dir/link.txt --verbose=1
/usr/bin/cc      -rdynamic CMakeFiles/cmTC_8480a.dir/CheckSymbolExists.c.o  -o cmTC_8480a 
CMakeFiles/cmTC_8480a.dir/CheckSymbolExists.c.o: In function `main':
CheckSymbolExists.c:(.text+0x1b): undefined reference to `pthread_create'
collect2: error: ld returned 1 exit status
make[1]: *** [CMakeFiles/cmTC_8480a.dir/build.make:98: cmTC_8480a] Error 1
make[1]: Leaving directory '/home/jovyan/DataStructures/Rope/CMakeFiles/CMakeTmp'
make: *** [Makefile:126: cmTC_8480a/fast] Error 2

File /home/jovyan/DataStructures/Rope/CMakeFiles/CMakeTmp/CheckSymbolExists.c:
/* */
#include <pthread.h>

int main(int argc, char** argv)
{
  (void)argv;
#ifndef pthread_create
  return ((int*)(&pthread_create))[argc];
#else
  (void)argc;
  return 0;
#endif
}

Determining if the function pthread_create exists in the pthreads failed with the following output:
Change Dir: /home/jovyan/DataStructures/Rope/CMakeFiles/CMakeTmp

Run Build Command:"/opt/conda/bin/make" "cmTC_f8adb/fast"
/opt/conda/bin/make -f CMakeFiles/cmTC_f8adb.dir/build.make CMakeFiles/cmTC_f8adb.dir/build
make[1]: Entering directory '/home/jovyan/DataStructures/Rope/CMakeFiles/CMakeTmp'
Building C object CMakeFiles/cmTC_f8adb.dir/CheckFunctionExists.c.o
/usr/bin/cc   -DCHECK_FUNCTION_EXISTS=pthread_create   -o CMakeFiles/cmTC_f8adb.dir/CheckFunctionExists.c.o   -c /usr/share/cmake-3.10/Modules/CheckFunctionExists.c
Linking C executable cmTC_f8adb
/usr/bin/cmake -E cmake_link_script CMakeFiles/cmTC_f8adb.dir/link.txt --verbose=1
/usr/bin/cc  -DCHECK_FUNCTION_EXISTS=pthread_create    -rdynamic CMakeFiles/cmTC_f8adb.dir/CheckFunctionExists.c.o  -o cmTC_f8adb -lpthreads 
/usr/bin/ld: cannot find -lpthreads
collect2: error: ld returned 1 exit status
make[1]: *** [CMakeFiles/cmTC_f8adb.dir/build.make:98: cmTC_f8adb] Error 1
make[1]: Leaving directory '/home/jovyan/DataStructures/Rope/CMakeFiles/CMakeTmp'
make: *** [Makefile:126: cmTC_f8adb/fast] Error 2


Determining if the pthread_create exist failed with the following output:
Change Dir: /home/jovyan/DataStructures/Rope/CMakeFiles/CMakeTmp

Run Build Command:"/opt/conda/bin/make" "cmTC_794e2/fast"
make[1]: Entering directory '/home/jovyan/DataStructures/Rope/CMakeFiles/CMakeTmp'
/opt/conda/bin/make -f CMakeFiles/cmTC_794e2.dir/build.make CMakeFiles/cmTC_794e2.dir/build
make[2]: Entering directory '/home/jovyan/DataStructures/Rope/CMakeFiles/CMakeTmp'
Building C object CMakeFiles/cmTC_794e2.dir/CheckSymbolExists.c.o
/usr/bin/cc    -o CMakeFiles/cmTC_794e2.dir/CheckSymbolExists.c.o   -c /home/jovyan/DataStructures/Rope/CMakeFiles/CMakeTmp/CheckSymbolExists.c
Linking C executable cmTC_794e2
/usr/bin/cmake -E cmake_link_script CMakeFiles/cmTC_794e2.dir/link.txt --verbose=1
/usr/bin/cc      -rdynamic CMakeFiles/cmTC_794e2.dir/CheckSymbolExists.c.o  -o cmTC_794e2 
CMakeFiles/cmTC_794e2.dir/CheckSymbolExists.c.o: In function `main':
CheckSymbolExists.c:(.text+0x1b): undefined reference to `pthread_create'
collect2: error: ld returned 1 exit status
make[2]: *** [CMakeFiles/cmTC_794e2.dir/build.make:98: cmTC_794e2] Error 1
make[2]: Leaving directory '/home/jovyan/DataStructures/Rope/CMakeFiles/CMakeTmp'
make[1]: *** [Makefile:126: cmTC_794e2/fast] Error 2
make[1]: Leaving directory '/home/jovyan/DataStructures/Rope/CMakeFiles/CMakeTmp'

File /home/jovyan/DataStructures/Rope/CMakeFiles/CMakeTmp/CheckSymbolExists.c:
/* */
#include <pthread.h>

int main(int argc, char** argv)
{
  (void)argv;
#ifndef pthread_create
  return ((int*)(&pthread_create))[argc];
#else
  (void)argc;
  return 0;
#endif
}

Determining if the function pthread_create exists in the pthreads failed with the following output:
Change Dir: /home/jovyan/DataStructures/Rope/CMakeFiles/CMakeTmp

Run Build Command:"/opt/conda/bin/make" "cmTC_bf369/fast"
make[1]: Entering directory '/home/jovyan/DataStructures/Rope/CMakeFiles/CMakeTmp'
/opt/conda/bin/make -f CMakeFiles/cmTC_bf369.dir/build.make CMakeFiles/cmTC_bf369.dir/build
make[2]: Entering directory '/home/jovyan/DataStructures/Rope/CMakeFiles/CMakeTmp'
Building C object CMakeFiles/cmTC_bf369.dir/CheckFunctionExists.c.o
/usr/bin/cc   -DCHECK_FUNCTION_EXISTS=pthread_create   -o CMakeFiles/cmTC_bf369.dir/CheckFunctionExists.c.o   -c /usr/share/cmake-3.10/Modules/CheckFunctionExists.c
Linking C executable cmTC_bf369
/usr/bin/cmake -E cmake_link_script CMakeFiles/cmTC_bf369.dir/link.txt --verbose=1
/usr/bin/cc  -DCHECK_FUNCTION_EXISTS=pthread_create    -rdynamic CMakeFiles/cmTC_bf369.dir/CheckFunctionExists.c.o  -o cmTC_bf369 -lpthreads 
/usr/bin/ld: cannot find -lpthreads
collect2: error: ld returned 1 exit status
make[2]: *** [CMakeFiles/cmTC_bf369.dir/build.make:98: cmTC_bf369] Error 1
make[2]: Leaving directory '/home/jovyan/DataStructures/Rope/CMakeFiles/CMakeTmp'
make[1]: *** [Makefile:126: cmTC_bf369/fast] Error 2
make[1]: Leaving directory '/home/jovyan/DataStructures/Rope/CMakeFiles/CMakeTmp'


