Determining if the pthread_create exist failed with the following output:
Change Dir: /home/jovyan/DataStructures/Rope/build/CMakeFiles/CMakeTmp

Run Build Command:"/opt/conda/bin/make" "cmTC_b6912/fast"
/opt/conda/bin/make -f CMakeFiles/cmTC_b6912.dir/build.make CMakeFiles/cmTC_b6912.dir/build
make[1]: Entering directory '/home/jovyan/DataStructures/Rope/build/CMakeFiles/CMakeTmp'
Building C object CMakeFiles/cmTC_b6912.dir/CheckSymbolExists.c.o
/usr/bin/cc    -o CMakeFiles/cmTC_b6912.dir/CheckSymbolExists.c.o   -c /home/jovyan/DataStructures/Rope/build/CMakeFiles/CMakeTmp/CheckSymbolExists.c
Linking C executable cmTC_b6912
/usr/bin/cmake -E cmake_link_script CMakeFiles/cmTC_b6912.dir/link.txt --verbose=1
/usr/bin/cc      -rdynamic CMakeFiles/cmTC_b6912.dir/CheckSymbolExists.c.o  -o cmTC_b6912 
CMakeFiles/cmTC_b6912.dir/CheckSymbolExists.c.o: In function `main':
CheckSymbolExists.c:(.text+0x1b): undefined reference to `pthread_create'
collect2: error: ld returned 1 exit status
make[1]: *** [CMakeFiles/cmTC_b6912.dir/build.make:98: cmTC_b6912] Error 1
make[1]: Leaving directory '/home/jovyan/DataStructures/Rope/build/CMakeFiles/CMakeTmp'
make: *** [Makefile:126: cmTC_b6912/fast] Error 2

File /home/jovyan/DataStructures/Rope/build/CMakeFiles/CMakeTmp/CheckSymbolExists.c:
/* */
#include <pthread.h>

int main(int argc, char** argv)
{
  (void)argv;
#ifndef pthread_create
  return ((int*)(&pthread_create))[argc];
#else
  (void)argc;
  return 0;
#endif
}

Determining if the function pthread_create exists in the pthreads failed with the following output:
Change Dir: /home/jovyan/DataStructures/Rope/build/CMakeFiles/CMakeTmp

Run Build Command:"/opt/conda/bin/make" "cmTC_4fe27/fast"
/opt/conda/bin/make -f CMakeFiles/cmTC_4fe27.dir/build.make CMakeFiles/cmTC_4fe27.dir/build
make[1]: Entering directory '/home/jovyan/DataStructures/Rope/build/CMakeFiles/CMakeTmp'
Building C object CMakeFiles/cmTC_4fe27.dir/CheckFunctionExists.c.o
/usr/bin/cc   -DCHECK_FUNCTION_EXISTS=pthread_create   -o CMakeFiles/cmTC_4fe27.dir/CheckFunctionExists.c.o   -c /usr/share/cmake-3.10/Modules/CheckFunctionExists.c
Linking C executable cmTC_4fe27
/usr/bin/cmake -E cmake_link_script CMakeFiles/cmTC_4fe27.dir/link.txt --verbose=1
/usr/bin/cc  -DCHECK_FUNCTION_EXISTS=pthread_create    -rdynamic CMakeFiles/cmTC_4fe27.dir/CheckFunctionExists.c.o  -o cmTC_4fe27 -lpthreads 
/usr/bin/ld: cannot find -lpthreads
collect2: error: ld returned 1 exit status
make[1]: *** [CMakeFiles/cmTC_4fe27.dir/build.make:98: cmTC_4fe27] Error 1
make[1]: Leaving directory '/home/jovyan/DataStructures/Rope/build/CMakeFiles/CMakeTmp'
make: *** [Makefile:126: cmTC_4fe27/fast] Error 2


